<?xml version="1.0" encoding="UTF-8"?>
<testng-results ignored="0" total="1" passed="1" failed="0" skipped="0">
  <reporter-output>
  </reporter-output>
  <suite started-at="2025-01-10T12:29:03 IST" name="Suite" finished-at="2025-01-10T12:29:50 IST" duration-ms="46735">
    <groups>
      <group name="Master">
        <method signature="TC_006_VerifyShoppingCartFunctionality.testShoppingCart()[pri:0, instance:testcases.TC_006_VerifyShoppingCartFunctionality@1f010bf0]" name="testShoppingCart" class="testcases.TC_006_VerifyShoppingCartFunctionality"/>
      </group> <!-- Master -->
      <group name="Sanity">
        <method signature="TC_006_VerifyShoppingCartFunctionality.testShoppingCart()[pri:0, instance:testcases.TC_006_VerifyShoppingCartFunctionality@1f010bf0]" name="testShoppingCart" class="testcases.TC_006_VerifyShoppingCartFunctionality"/>
      </group> <!-- Sanity -->
    </groups>
    <test started-at="2025-01-10T12:29:03 IST" name="Test" finished-at="2025-01-10T12:29:50 IST" duration-ms="46735">
      <class name="testcases.TC_006_VerifyShoppingCartFunctionality">
        <test-method is-config="true" signature="setUp(java.lang.String,java.lang.String)[pri:0, instance:testcases.TC_006_VerifyShoppingCartFunctionality@1f010bf0]" started-at="2025-01-10T12:29:04 IST" name="setUp" finished-at="2025-01-10T12:29:17 IST" duration-ms="13321" status="PASS">
          <params>
            <param index="0">
              <value>
                <![CDATA[windows]]>
              </value>
            </param>
            <param index="1">
              <value>
                <![CDATA[chrome]]>
              </value>
            </param>
          </params>
          <reporter-output>
          </reporter-output>
        </test-method> <!-- setUp -->
        <test-method signature="testShoppingCart()[pri:0, instance:testcases.TC_006_VerifyShoppingCartFunctionality@1f010bf0]" started-at="2025-01-10T12:29:17 IST" name="testShoppingCart" finished-at="2025-01-10T12:29:50 IST" duration-ms="32491" status="PASS">
          <reporter-output>
          </reporter-output>
        </test-method> <!-- testShoppingCart -->
        <test-method is-config="true" signature="tearDown()[pri:0, instance:testcases.TC_006_VerifyShoppingCartFunctionality@1f010bf0]" started-at="2025-01-10T12:29:50 IST" name="tearDown" finished-at="2025-01-10T12:29:50 IST" duration-ms="486" status="PASS">
          <reporter-output>
          </reporter-output>
        </test-method> <!-- tearDown -->
      </class> <!-- testcases.TC_006_VerifyShoppingCartFunctionality -->
    </test> <!-- Test -->
  </suite> <!-- Suite -->
</testng-results>
