<?xml version="1.0" encoding="UTF-8"?>
<testng-results ignored="0" total="1" passed="1" failed="0" skipped="0">
  <reporter-output>
  </reporter-output>
  <suite started-at="2024-12-28T13:43:44 IST" name="Suite" finished-at="2024-12-28T13:43:57 IST" duration-ms="13223">
    <groups>
      <group name="Master">
        <method signature="TC_001RegisterAccountTest.testRegister()[pri:0, instance:testcases.TC_001RegisterAccountTest@79517588]" name="testRegister" class="testcases.TC_001RegisterAccountTest"/>
      </group> <!-- Master -->
      <group name="Sanity">
        <method signature="TC_001RegisterAccountTest.testRegister()[pri:0, instance:testcases.TC_001RegisterAccountTest@79517588]" name="testRegister" class="testcases.TC_001RegisterAccountTest"/>
      </group> <!-- Sanity -->
    </groups>
    <test started-at="2024-12-28T13:43:44 IST" name="Test" finished-at="2024-12-28T13:43:57 IST" duration-ms="13223">
      <class name="testcases.TC_001RegisterAccountTest">
        <test-method is-config="true" signature="setUp(java.lang.String,java.lang.String)[pri:0, instance:testcases.TC_001RegisterAccountTest@79517588]" started-at="2024-12-28T13:43:44 IST" name="setUp" finished-at="2024-12-28T13:43:54 IST" duration-ms="9646" status="PASS">
          <params>
            <param index="0">
              <value>
                <![CDATA[windows]]>
              </value>
            </param>
            <param index="1">
              <value>
                <![CDATA[chrome]]>
              </value>
            </param>
          </params>
          <reporter-output>
          </reporter-output>
        </test-method> <!-- setUp -->
        <test-method signature="testRegister()[pri:0, instance:testcases.TC_001RegisterAccountTest@79517588]" started-at="2024-12-28T13:43:54 IST" name="testRegister" finished-at="2024-12-28T13:43:57 IST" duration-ms="2649" status="PASS">
          <reporter-output>
          </reporter-output>
        </test-method> <!-- testRegister -->
        <test-method is-config="true" signature="tearDown()[pri:0, instance:testcases.TC_001RegisterAccountTest@79517588]" started-at="2024-12-28T13:43:57 IST" name="tearDown" finished-at="2024-12-28T13:43:57 IST" duration-ms="408" status="PASS">
          <reporter-output>
          </reporter-output>
        </test-method> <!-- tearDown -->
      </class> <!-- testcases.TC_001RegisterAccountTest -->
    </test> <!-- Test -->
  </suite> <!-- Suite -->
</testng-results>
